TN:
SF:index.js
FN:17,(anonymous_0)
FN:19,(anonymous_1)
FN:20,(anonymous_2)
FN:22,(anonymous_3)
FN:26,(anonymous_4)
FN:28,(anonymous_5)
FN:31,(anonymous_6)
FN:36,(anonymous_7)
FN:43,(anonymous_8)
FN:47,(anonymous_9)
FN:49,(anonymous_10)
FN:53,(anonymous_11)
FN:56,(anonymous_12)
FN:58,(anonymous_13)
FN:61,(anonymous_14)
FN:64,(anonymous_15)
FN:73,(anonymous_16)
FN:76,(anonymous_17)
FN:79,(anonymous_18)
FN:88,(anonymous_19)
FN:91,(anonymous_20)
FN:94,(anonymous_21)
FN:100,(anonymous_22)
FN:114,(anonymous_23)
FNF:24
FNH:16
FNDA:216,(anonymous_0)
FNDA:216,(anonymous_1)
FNDA:430,(anonymous_2)
FNDA:0,(anonymous_3)
FNDA:118,(anonymous_4)
FNDA:118,(anonymous_5)
FNDA:0,(anonymous_6)
FNDA:12,(anonymous_7)
FNDA:0,(anonymous_8)
FNDA:0,(anonymous_9)
FNDA:0,(anonymous_10)
FNDA:0,(anonymous_11)
FNDA:8,(anonymous_12)
FNDA:8,(anonymous_13)
FNDA:0,(anonymous_14)
FNDA:534,(anonymous_15)
FNDA:504,(anonymous_16)
FNDA:30,(anonymous_17)
FNDA:9,(anonymous_18)
FNDA:9,(anonymous_19)
FNDA:0,(anonymous_20)
FNDA:14,(anonymous_21)
FNDA:42,(anonymous_22)
FNDA:1,(anonymous_23)
DA:1,1
DA:2,1
DA:3,1
DA:4,1
DA:6,1
DA:7,1
DA:8,1
DA:9,1
DA:12,1
DA:13,1
DA:17,1
DA:18,216
DA:20,430
DA:22,0
DA:26,1
DA:27,118
DA:29,118
DA:31,0
DA:36,1
DA:38,12
DA:40,12
DA:43,0
DA:47,1
DA:48,0
DA:50,0
DA:51,0
DA:53,0
DA:56,1
DA:57,8
DA:59,8
DA:61,0
DA:64,1
DA:65,534
DA:67,534
DA:72,534
DA:74,504
DA:76,30
DA:79,1
DA:80,9
DA:82,9
DA:87,9
DA:89,9
DA:91,0
DA:94,1
DA:95,14
DA:98,1
DA:100,1
DA:101,42
DA:102,42
DA:103,0
DA:104,42
DA:105,30
DA:108,12
DA:111,1
DA:113,1
DA:114,1
DA:115,1
LF:57
LH:47
BRDA:12,0,0,1
BRDA:12,0,1,0
BRDA:50,1,0,0
BRDA:50,1,1,0
BRDA:102,2,0,0
BRDA:102,2,1,42
BRDA:104,3,0,30
BRDA:104,3,1,12
BRF:8
BRH:4
end_of_record
TN:
SF:models\person.js
FN:16,(anonymous_0)
FN:19,(anonymous_1)
FN:40,(anonymous_2)
FNF:3
FNH:2
FNDA:1,(anonymous_0)
FNDA:0,(anonymous_1)
FNDA:943,(anonymous_2)
DA:1,1
DA:2,1
DA:3,1
DA:4,1
DA:6,1
DA:8,1
DA:9,1
DA:10,1
DA:13,1
DA:15,1
DA:17,1
DA:20,0
DA:23,1
DA:37,1
DA:39,1
DA:41,943
DA:42,943
DA:43,943
DA:47,1
LF:19
LH:18
BRDA:8,0,0,1
BRDA:8,0,1,0
BRF:2
BRH:1
end_of_record
